<?xml version="1.0" encoding="UTF-8"?>
<testsuite xmlns:xsi="http://www.w3.org/2001/XMLSchema-instance" xsi:noNamespaceSchemaLocation="https://maven.apache.org/surefire/maven-surefire-plugin/xsd/surefire-test-report-3.0.xsd" version="3.0" name="TestSuite" time="2.583" tests="9" errors="0" skipped="7" failures="2">
  <properties>
[...]
</properties>
  <testcase name="initialize" classname="Academy.webpagetitle" time="1.67">
    <failure type="java.lang.NullPointerException"><![CDATA[java.lang.NullPointerException
	at Academy.webpagetitle.initialize(webpagetitle.java:25)
]]></failure>
  </testcase>
  <testcase name="titlevalidation" classname="Academy.webpagetitle" time="0">
    <skipped/>
  </testcase>
  <testcase name="teardown" classname="Academy.webpagetitle" time="0">
    <skipped/>
  </testcase>
  <testcase name="initialize" classname="Academy.homepage" time="1.684">
    <failure type="java.lang.NullPointerException"><![CDATA[java.lang.NullPointerException
	at Academy.homepage.initialize(homepage.java:27)
]]></failure>
  </testcase>
  <testcase name="initialize" classname="Academy.homepage" time="0">
    <skipped/>
  </testcase>
  <testcase name="basepagenavigation[Ashish31394@gmail.com, Ashish123344](1)" classname="Academy.homepage" time="0">
    <skipped/>
  </testcase>
  <testcase name="teardown" classname="Academy.homepage" time="0">
    <skipped/>
  </testcase>
  <testcase name="teardown" classname="Academy.homepage" time="0">
    <skipped/>
  </testcase>
  <testcase name="basepagenavigation[NAHGSJS@gmail.com, ABHS31231](2)" classname="Academy.homepage" time="0">
    <skipped/>
  </testcase>
</testsuite>