<?xml version="1.0" encoding="UTF-8"?>
<!-- Generated by org.testng.reporters.JUnitXMLReporter -->
<testsuite ignored="0" hostname="DESKTOP-CQIV5TH" failures="0" tests="3" name="Test" time="29.464" errors="0" timestamp="2021-10-19T11:54:33 IST">
  <testcase classname="Academy.webpagetitle" name="basepagenavigation" time="0.341"/>
  <testcase classname="Academy.homepage" name="basepagenavigation" time="2.105"/>
  <testcase classname="Academy.homepage" name="basepagenavigation" time="1.608"/>
</testsuite> <!-- Test -->
