<?xml version="1.0" encoding="UTF-8"?>
<!-- Generated by org.testng.reporters.JUnitXMLReporter -->
<testsuite ignored="0" hostname="DESKTOP-CQIV5TH" failures="0" tests="1" name="ValidateTitle" time="0.084" errors="0" timestamp="2021-10-29T03:00:49 IST">
  <testcase classname="Academy.webpagetitle" name="@BeforeTest initialize" time="0.011">
    <failure type="java.lang.NullPointerException" message="Cannot invoke &amp;quot;String.contains(java.lang.CharSequence)&amp;quot; because &amp;quot;browserName&amp;quot; is null">
      <![CDATA[java.lang.NullPointerException: Cannot invoke "String.contains(java.lang.CharSequence)" because "browserName" is null
at resources.base.initializedriver(base.java:34)
at Academy.webpagetitle.initialize(webpagetitle.java:25)
... Removed 24 stack frames]]>
    </failure>
  </testcase> <!-- @BeforeTest initialize -->
  <testcase classname="Academy.webpagetitle" name="@AfterTest teardown" time="-1.635456649936E9">
    <skipped/>
  </testcase> <!-- @AfterTest teardown -->
  <testcase classname="Academy.webpagetitle" name="titlevalidation" time="0.0">
    <skipped/>
  </testcase> <!-- titlevalidation -->
</testsuite> <!-- ValidateTitle -->
