<?xml version="1.0" encoding="UTF-8"?>
<!-- Generated by org.testng.reporters.JUnitXMLReporter -->
<testsuite ignored="0" hostname="DESKTOP-CQIV5TH" failures="0" tests="2" name="ValidateLogin" time="0.121" errors="0" timestamp="2021-10-29T03:00:50 IST">
  <testcase classname="Academy.homepage" name="@BeforeMethod initialize" time="0.001">
    <failure type="java.lang.NullPointerException" message="Cannot invoke &amp;quot;String.contains(java.lang.CharSequence)&amp;quot; because &amp;quot;browserName&amp;quot; is null">
      <![CDATA[java.lang.NullPointerException: Cannot invoke "String.contains(java.lang.CharSequence)" because "browserName" is null
at resources.base.initializedriver(base.java:34)
at Academy.homepage.initialize(homepage.java:28)
at java.base/java.util.ArrayList.forEach(ArrayList.java:1511)
... Removed 31 stack frames]]>
    </failure>
  </testcase> <!-- @BeforeMethod initialize -->
  <testcase classname="Academy.homepage" name="@AfterMethod teardown" time="-1.63545665051E9">
    <skipped/>
  </testcase> <!-- @AfterMethod teardown -->
  <testcase classname="Academy.homepage" name="@BeforeMethod initialize" time="-1.635456650526E9">
    <skipped/>
  </testcase> <!-- @BeforeMethod initialize -->
  <testcase classname="Academy.homepage" name="@AfterMethod teardown" time="-1.635456650565E9">
    <skipped/>
  </testcase> <!-- @AfterMethod teardown -->
  <testcase classname="Academy.homepage" name="basepagenavigation" time="0.0">
    <skipped/>
  </testcase> <!-- basepagenavigation -->
  <testcase classname="Academy.homepage" name="basepagenavigation" time="0.0">
    <skipped/>
  </testcase> <!-- basepagenavigation -->
</testsuite> <!-- ValidateLogin -->
