<?xml version="1.0" encoding="UTF-8"?>
<!-- Generated by org.testng.reporters.JUnitXMLReporter -->
<testsuite ignored="0" hostname="DESKTOP-CQIV5TH" failures="0" tests="1" name="ValidateTitle" time="0.052" errors="0" timestamp="2021-10-25T13:56:48 IST">
  <testcase classname="Academy.webpagetitle" name="@BeforeTest initialize" time="0.011">
    <failure type="java.lang.NullPointerException">
      <![CDATA[java.lang.NullPointerException
at resources.base.initializedriver(base.java:34)
at Academy.webpagetitle.initialize(webpagetitle.java:25)
at java.base/java.util.concurrent.FutureTask.run(FutureTask.java:264)
at java.base/java.util.concurrent.ThreadPoolExecutor.runWorker(ThreadPoolExecutor.java:1128)
at java.base/java.util.concurrent.ThreadPoolExecutor$Worker.run(ThreadPoolExecutor.java:628)
at java.base/java.lang.Thread.run(Thread.java:834)
... Removed 15 stack frames]]>
    </failure>
  </testcase> <!-- @BeforeTest initialize -->
  <testcase classname="Academy.homepage" name="@BeforeMethod initialize" time="0.001">
    <failure type="java.lang.NullPointerException">
      <![CDATA[java.lang.NullPointerException
at resources.base.initializedriver(base.java:34)
at Academy.homepage.initialize(homepage.java:27)
at java.base/java.util.ArrayList.forEach(ArrayList.java:1541)
at java.base/java.util.concurrent.FutureTask.run(FutureTask.java:264)
at java.base/java.util.concurrent.ThreadPoolExecutor.runWorker(ThreadPoolExecutor.java:1128)
at java.base/java.util.concurrent.ThreadPoolExecutor$Worker.run(ThreadPoolExecutor.java:628)
at java.base/java.lang.Thread.run(Thread.java:834)
... Removed 22 stack frames]]>
    </failure>
  </testcase> <!-- @BeforeMethod initialize -->
  <testcase classname="Academy.homepage" name="@AfterMethod teardown" time="-1.635150408173E9">
    <skipped/>
  </testcase> <!-- @AfterMethod teardown -->
  <testcase classname="Academy.homepage" name="@BeforeMethod initialize" time="-1.635150408174E9">
    <skipped/>
  </testcase> <!-- @BeforeMethod initialize -->
  <testcase classname="Academy.homepage" name="@AfterMethod teardown" time="-1.635150408175E9">
    <skipped/>
  </testcase> <!-- @AfterMethod teardown -->
  <testcase classname="Academy.webpagetitle" name="@AfterTest teardown" time="-1.635150408176E9">
    <skipped/>
  </testcase> <!-- @AfterTest teardown -->
  <testcase classname="Academy.webpagetitle" name="titlevalidation" time="0.0">
    <skipped/>
  </testcase> <!-- titlevalidation -->
</testsuite> <!-- ValidateTitle -->
